<?xml version="1.0" encoding="UTF-8"?>
<!-- Generated by org.testng.reporters.JUnitReportReporter -->
<testsuite hostname="Mds-MacBook-Air.home" failures="0" tests="2" name="ruNNer.ScrumRonner" time="16.737" errors="0" timestamp="2021-01-05T14:21:03 EST" skipped="0">
  <testcase classname="ruNNer.ScrumRonner" name="runScenario" time="7.926"/>
  <system-out/>
  <testcase classname="ruNNer.ScrumRonner" name="runScenario" time="8.811"/>
  <system-out/>
</testsuite> <!-- ruNNer.ScrumRonner -->
